<?xml version="1.0" encoding="UTF-8"?>
<!-- Generated by org.testng.reporters.JUnitReportReporter -->
<testsuite hostname="DESKTOP-T6EROU0" failures="0" tests="7" name="com.testCases.TC_001" time="0.396" errors="1" timestamp="2025-01-20T10:52:17 IST" skipped="5">
  <testcase classname="com.testCases.TC_001" name="startTest" time="0.224"/>
  <testcase classname="com.testCases.TC_001" name="plateMatchwithRadio" time="0.172">
    <error message="Cannot invoke &quot;org.openqa.selenium.WebDriver.findElement(org.openqa.selenium.By)&quot; because &quot;com.POM.ColorVisionPage.driver&quot; is null" type="java.lang.NullPointerException">
      <![CDATA[java.lang.NullPointerException: Cannot invoke "org.openqa.selenium.WebDriver.findElement(org.openqa.selenium.By)" because "com.POM.ColorVisionPage.driver" is null
at com.POM.ColorVisionPage.matchSpanRadioOption(ColorVisionPage.java:192)
at com.testCases.TC_001.plateMatchwithRadio(TC_001.java:72)
at java.base/jdk.internal.reflect.DirectMethodHandleAccessor.invoke(DirectMethodHandleAccessor.java:103)
at java.base/java.lang.reflect.Method.invoke(Method.java:580)
at org.testng.internal.invokers.MethodInvocationHelper.invokeMethod(MethodInvocationHelper.java:139)
at org.testng.internal.invokers.TestInvoker.invokeMethod(TestInvoker.java:664)
at org.testng.internal.invokers.TestInvoker.invokeTestMethod(TestInvoker.java:227)
at org.testng.internal.invokers.MethodRunner.runInSequence(MethodRunner.java:50)
at org.testng.internal.invokers.TestInvoker$MethodInvocationAgent.invoke(TestInvoker.java:957)
at org.testng.internal.invokers.TestInvoker.invokeTestMethods(TestInvoker.java:200)
at org.testng.internal.invokers.TestMethodWorker.invokeTestMethods(TestMethodWorker.java:148)
at org.testng.internal.invokers.TestMethodWorker.run(TestMethodWorker.java:128)
at java.base/java.util.ArrayList.forEach(ArrayList.java:1597)
at org.testng.TestRunner.privateRun(TestRunner.java:848)
at org.testng.TestRunner.run(TestRunner.java:621)
at org.testng.SuiteRunner.runTest(SuiteRunner.java:443)
at org.testng.SuiteRunner.runSequentially(SuiteRunner.java:437)
at org.testng.SuiteRunner.privateRun(SuiteRunner.java:397)
at org.testng.SuiteRunner.run(SuiteRunner.java:336)
at org.testng.SuiteRunnerWorker.runSuite(SuiteRunnerWorker.java:52)
at org.testng.SuiteRunnerWorker.run(SuiteRunnerWorker.java:95)
at org.testng.TestNG.runSuitesSequentially(TestNG.java:1280)
at org.testng.TestNG.runSuitesLocally(TestNG.java:1200)
at org.testng.TestNG.runSuites(TestNG.java:1114)
at org.testng.TestNG.run(TestNG.java:1082)
at org.testng.remote.AbstractRemoteTestNG.run(AbstractRemoteTestNG.java:115)
at org.testng.remote.RemoteTestNG.initAndRun(RemoteTestNG.java:293)
at org.testng.remote.RemoteTestNG.main(RemoteTestNG.java:91)
]]>
    </error>
  </testcase> <!-- plateMatchwithRadio -->
  <testcase classname="com.testCases.TC_001" name="returnSpanElement">
    <skipped/>
  </testcase> <!-- returnSpanElement -->
  <testcase classname="com.testCases.TC_001" name="screenTestRadioValue">
    <skipped/>
  </testcase> <!-- screenTestRadioValue -->
  <testcase classname="com.testCases.TC_001" name="screenTestAttributeValue">
    <skipped/>
  </testcase> <!-- screenTestAttributeValue -->
  <testcase classname="com.testCases.TC_001" name="answerOptionsContainer">
    <skipped/>
  </testcase> <!-- answerOptionsContainer -->
  <testcase classname="com.testCases.TC_001" name="assignAttributeValue">
    <skipped/>
  </testcase> <!-- assignAttributeValue -->
</testsuite> <!-- com.testCases.TC_001 -->
